[debug] [2024-02-21T22:22:45.618Z] ----------------------------------------------------------------------
[debug] [2024-02-21T22:22:45.620Z] Command:       C:\Program Files\nodejs\node.exe C:\Users\Camilo\AppData\Roaming\npm\node_modules\firebase-tools\lib\bin\firebase.js init
[debug] [2024-02-21T22:22:45.620Z] CLI Version:   13.3.0
[debug] [2024-02-21T22:22:45.620Z] Platform:      win32
[debug] [2024-02-21T22:22:45.620Z] Node Version:  v20.11.1
[debug] [2024-02-21T22:22:45.620Z] Time:          Wed Feb 21 2024 17:22:45 GMT-0500 (hora estándar de Colombia)
[debug] [2024-02-21T22:22:45.620Z] ----------------------------------------------------------------------
[debug] 
[debug] [2024-02-21T22:22:45.623Z] > command requires scopes: ["email","openid","https://www.googleapis.com/auth/cloudplatformprojects.readonly","https://www.googleapis.com/auth/firebase","https://www.googleapis.com/auth/cloud-platform"]
[debug] [2024-02-21T22:22:45.623Z] > authorizing via signed-in user (juanito.robayo@gmail.com)
[info] 
     ######## #### ########  ######## ########     ###     ######  ########
     ##        ##  ##     ## ##       ##     ##  ##   ##  ##       ##
     ######    ##  ########  ######   ########  #########  ######  ######
     ##        ##  ##    ##  ##       ##     ## ##     ##       ## ##
     ##       #### ##     ## ######## ########  ##     ##  ######  ########

You're about to initialize a Firebase project in this directory:

  C:\xampp\htdocs\Prueba SmartData\Angular\pruebaTecnica

Before we get started, keep in mind:

  * You are currently outside your home directory

